<?xml version="1.0" encoding="UTF-8"?>
<!-- Generated by org.testng.reporters.JUnitReportReporter -->
<testsuite skipped="0" hostname="OfficeLaptopRit" name="com.practice.testcases.LoginTest" tests="1" failures="0" timestamp="2020-06-30T20:43:41 IST" time="2.247" errors="0">
  <testcase name="loginTest" time="2.247" classname="com.practice.testcases.LoginTest"/>
  <system-out/>
</testsuite> <!-- com.practice.testcases.LoginTest -->
