<?xml version="1.0" encoding="UTF-8"?>
<!-- Generated by org.testng.reporters.JUnitReportReporter -->
<testsuite skipped="0" hostname="OfficeLaptopRit" name="com.practice.testcases.CreateAccountTest" tests="1" failures="0" timestamp="2020-06-30T21:00:16 IST" time="9.120" errors="0">
  <testcase name="createAccountTest" time="9.120" classname="com.practice.testcases.CreateAccountTest"/>
  <system-out/>
</testsuite> <!-- com.practice.testcases.CreateAccountTest -->
